<?xml version="1.0" encoding="UTF-8"?>
<testsuite name="CoinComboTest" tests="6" skipped="0" failures="0" errors="0" timestamp="2015-08-13T20:41:15" hostname="epicodus-105.local" time="0.005">
  <properties/>
  <testcase name="coinCounter_ReturnsNumberOfALLForCoinAmount_string" classname="CoinComboTest" time="0.001"/>
  <testcase name="coinCounter_ReturnsNumberOfNickelForCoinAmount_string" classname="CoinComboTest" time="0.001"/>
  <testcase name="coinCounter_ReturnsNumberOfDimesForCoinAmount_string" classname="CoinComboTest" time="0.0"/>
  <testcase name="coinCounter_ReturnsNumberOfOutofQuartersForCoinAmount_string" classname="CoinComboTest" time="0.0"/>
  <testcase name="coinCounter_ReturnsNumberOfQuartersForCoinAmount_string" classname="CoinComboTest" time="0.001"/>
  <testcase name="coinCounter_ReturnsNumberOfPennyForCoinAmount_string" classname="CoinComboTest" time="0.0"/>
  <system-out><![CDATA[]]></system-out>
  <system-err><![CDATA[]]></system-err>
</testsuite>
