<?xml version="1.0" encoding="UTF-8"?>
<testsuite name="CoinComboTest" tests="2" skipped="0" failures="0" errors="0" timestamp="2015-08-13T17:14:36" hostname="epicodus-105.local" time="0.002">
  <properties/>
  <testcase name="coinCounter_ReturnsNumberOfDimesForCoinAmount_string" classname="CoinComboTest" time="0.002"/>
  <testcase name="coinCounter_ReturnsNumberOfQuartersForCoinAmount_string" classname="CoinComboTest" time="0.0"/>
  <system-out><![CDATA[]]></system-out>
  <system-err><![CDATA[]]></system-err>
</testsuite>
